2021-09-02 17:49:25 [scrapy.utils.log] INFO: Scrapy 2.5.0 started (bot: scrapy_app)
2021-09-02 17:49:25 [scrapy.utils.log] INFO: Versions: lxml 4.6.3.0, libxml2 2.9.5, cssselect 1.1.0, parsel 1.6.0, w3lib 1.22.0, Twisted 21.7.0, Python 3.9.1 (tags/v3.9.1:1e5d33e, Dec  7 2020, 17:08:21) [MSC v.1927 64 bit (AMD64)], pyOpenSSL 20.0.1 (OpenSSL 1.1.1l  24 Aug 2021), cryptography 3.4.8, Platform Windows-10-10.0.19041-SP0
2021-09-02 17:49:25 [scrapy.utils.log] DEBUG: Using reactor: twisted.internet.selectreactor.SelectReactor
2021-09-02 17:49:25 [scrapy.crawler] INFO: Overridden settings:
{'BOT_NAME': 'scrapy_app',
 'LOG_FILE': 'logs\\default\\icrawler\\f5f0333d0bfc11ec98cdb42e999a3940.log',
 'NEWSPIDER_MODULE': 'scrapy_app.spiders',
 'ROBOTSTXT_OBEY': True,
 'SPIDER_MODULES': ['scrapy_app.spiders']}
2021-09-02 17:49:25 [scrapy.extensions.telnet] INFO: Telnet Password: e7ce8306ef052796
2021-09-02 17:49:25 [scrapy.middleware] INFO: Enabled extensions:
['scrapy.extensions.corestats.CoreStats',
 'scrapy.extensions.telnet.TelnetConsole',
 'scrapy.extensions.logstats.LogStats']
2021-09-02 17:49:25 [scrapy.middleware] INFO: Enabled downloader middlewares:
['scrapy.downloadermiddlewares.robotstxt.RobotsTxtMiddleware',
 'scrapy.downloadermiddlewares.httpauth.HttpAuthMiddleware',
 'scrapy.downloadermiddlewares.downloadtimeout.DownloadTimeoutMiddleware',
 'scrapy.downloadermiddlewares.defaultheaders.DefaultHeadersMiddleware',
 'scrapy.downloadermiddlewares.useragent.UserAgentMiddleware',
 'scrapy.downloadermiddlewares.retry.RetryMiddleware',
 'scrapy.downloadermiddlewares.redirect.MetaRefreshMiddleware',
 'scrapy.downloadermiddlewares.httpcompression.HttpCompressionMiddleware',
 'scrapy.downloadermiddlewares.redirect.RedirectMiddleware',
 'scrapy.downloadermiddlewares.cookies.CookiesMiddleware',
 'scrapy.downloadermiddlewares.httpproxy.HttpProxyMiddleware',
 'scrapy.downloadermiddlewares.stats.DownloaderStats']
2021-09-02 17:49:25 [scrapy.middleware] INFO: Enabled spider middlewares:
['scrapy.spidermiddlewares.httperror.HttpErrorMiddleware',
 'scrapy.spidermiddlewares.offsite.OffsiteMiddleware',
 'scrapy.spidermiddlewares.referer.RefererMiddleware',
 'scrapy.spidermiddlewares.urllength.UrlLengthMiddleware',
 'scrapy.spidermiddlewares.depth.DepthMiddleware']
2021-09-02 17:49:25 [scrapy.middleware] INFO: Enabled item pipelines:
['scrapy_app.pipelines.ScrapyAppPipeline']
2021-09-02 17:49:25 [scrapy.core.engine] INFO: Spider opened
2021-09-02 17:49:25 [scrapy.extensions.logstats] INFO: Crawled 0 pages (at 0 pages/min), scraped 0 items (at 0 items/min)
2021-09-02 17:49:25 [scrapy.extensions.telnet] INFO: Telnet console listening on 127.0.0.1:6023
2021-09-02 17:49:25 [scrapy.core.engine] DEBUG: Crawled (200) <GET https://www.skroutz.gr/robots.txt> (referer: None)
2021-09-02 17:49:25 [scrapy.core.engine] DEBUG: Crawled (200) <GET https://www.skroutz.gr/s/16035327/Bausch-Lomb-EasySept-360ml-120ml.html> (referer: None)
2021-09-02 17:49:25 [scrapy.core.engine] DEBUG: Crawled (200) <GET https://www.skroutz.gr/s/16035327/Bausch-Lomb-EasySept-360ml-120ml.html> (referer: None)
2021-09-02 17:49:25 [scrapy.core.engine] DEBUG: Crawled (200) <GET https://www.skroutz.gr/s/20314550/Arnette-El-Carmen-AN4263-265887-Matte-Black.html> (referer: None)
2021-09-02 17:49:25 [scrapy.core.engine] DEBUG: Crawled (200) <GET https://www.skroutz.gr/s/24403771/Ralph-Lauren-PH2224-5017.html> (referer: None)
2021-09-02 17:49:25 [scrapy.core.engine] DEBUG: Crawled (200) <GET https://www.skroutz.gr/s/12109270/Bausch-Lomb-ReNu-Multiplus-360ml-60ml.html> (referer: None)
2021-09-02 17:49:25 [scrapy.core.engine] DEBUG: Crawled (200) <GET https://www.skroutz.gr/s/6585825/Arnette-AN4007-01.html?from=catspan> (referer: None)
2021-09-02 17:49:25 [scrapy.core.engine] DEBUG: Crawled (200) <GET https://www.skroutz.gr/s/8414500/Alcon-Opti-Free-PureMoist-300ml-60ml.html> (referer: None)
2021-09-02 17:49:25 [scrapy.core.engine] DEBUG: Crawled (200) <GET https://www.skroutz.gr/s/26087654/Soleko-Biosee-Clear-All-In-One-Solution-380ml.html> (referer: None)
2021-09-02 17:49:25 [scrapy.core.engine] DEBUG: Crawled (200) <GET https://www.skroutz.gr/s/11878545/Bausch-Lomb-Biotrue-360ml-extra-Bottle-60ml.html> (referer: None)
2021-09-02 17:49:25 [scrapy.core.engine] DEBUG: Crawled (200) <GET https://www.skroutz.gr/s/6935506/Avizor-Ever-Clean-Pure-225ml.html> (referer: None)
2021-09-02 17:49:25 [scrapy.core.engine] DEBUG: Crawled (200) <GET https://www.skroutz.gr/s/15079953/Amvis-AquaSoft-380ml-Extra-Bottle-60ml.html> (referer: None)
2021-09-02 17:49:25 [scrapy.core.engine] DEBUG: Crawled (200) <GET https://www.skroutz.gr/s/13878315/Vogue-VO-5212S-W44-87.html> (referer: None)
2021-09-02 17:49:26 [scrapy.core.engine] DEBUG: Crawled (200) <GET https://www.skroutz.gr/s/6869602/Alcon-Opti-Free-Express-355ml.html> (referer: None)
2021-09-02 17:49:26 [scrapy.core.engine] INFO: Closing spider (finished)
2021-09-02 17:49:26 [scrapy.statscollectors] INFO: Dumping Scrapy stats:
{'downloader/request_bytes': 3648,
 'downloader/request_count': 14,
 'downloader/request_method_count/GET': 14,
 'downloader/response_bytes': 354620,
 'downloader/response_count': 14,
 'downloader/response_status_count/200': 14,
 'elapsed_time_seconds': 0.99844,
 'finish_reason': 'finished',
 'finish_time': datetime.datetime(2021, 9, 2, 14, 49, 26, 277591),
 'httpcompression/response_bytes': 1589604,
 'httpcompression/response_count': 14,
 'log_count/DEBUG': 14,
 'log_count/INFO': 10,
 'response_received_count': 14,
 'robotstxt/request_count': 1,
 'robotstxt/response_count': 1,
 'robotstxt/response_status_count/200': 1,
 'scheduler/dequeued': 13,
 'scheduler/dequeued/memory': 13,
 'scheduler/enqueued': 13,
 'scheduler/enqueued/memory': 13,
 'start_time': datetime.datetime(2021, 9, 2, 14, 49, 25, 279151)}
2021-09-02 17:49:26 [scrapy.core.engine] INFO: Spider closed (finished)
