2021-09-03 09:37:42 [scrapy.utils.log] INFO: Scrapy 2.5.0 started (bot: scrapy_app)
2021-09-03 09:37:42 [scrapy.utils.log] INFO: Versions: lxml 4.6.3.0, libxml2 2.9.5, cssselect 1.1.0, parsel 1.6.0, w3lib 1.22.0, Twisted 21.7.0, Python 3.9.1 (tags/v3.9.1:1e5d33e, Dec  7 2020, 17:08:21) [MSC v.1927 64 bit (AMD64)], pyOpenSSL 20.0.1 (OpenSSL 1.1.1l  24 Aug 2021), cryptography 3.4.8, Platform Windows-10-10.0.19041-SP0
2021-09-03 09:37:42 [scrapy.utils.log] DEBUG: Using reactor: twisted.internet.selectreactor.SelectReactor
2021-09-03 09:37:42 [scrapy.crawler] INFO: Overridden settings:
{'BOT_NAME': 'scrapy_app',
 'LOG_FILE': 'logs\\scrapy_app\\icrawler\\6e28038a0c8111ecaf9ab42e999a3940.log',
 'NEWSPIDER_MODULE': 'scrapy_app.spiders',
 'ROBOTSTXT_OBEY': True,
 'SPIDER_MODULES': ['scrapy_app.spiders']}
2021-09-03 09:37:42 [scrapy.extensions.telnet] INFO: Telnet Password: 8ec5563185dc6ecb
2021-09-03 09:37:42 [scrapy.middleware] INFO: Enabled extensions:
['scrapy.extensions.corestats.CoreStats',
 'scrapy.extensions.telnet.TelnetConsole',
 'scrapy.extensions.logstats.LogStats']
2021-09-03 09:37:42 [scrapy.middleware] INFO: Enabled downloader middlewares:
['scrapy.downloadermiddlewares.robotstxt.RobotsTxtMiddleware',
 'scrapy.downloadermiddlewares.httpauth.HttpAuthMiddleware',
 'scrapy.downloadermiddlewares.downloadtimeout.DownloadTimeoutMiddleware',
 'scrapy.downloadermiddlewares.defaultheaders.DefaultHeadersMiddleware',
 'scrapy.downloadermiddlewares.useragent.UserAgentMiddleware',
 'scrapy.downloadermiddlewares.retry.RetryMiddleware',
 'scrapy.downloadermiddlewares.redirect.MetaRefreshMiddleware',
 'scrapy.downloadermiddlewares.httpcompression.HttpCompressionMiddleware',
 'scrapy.downloadermiddlewares.redirect.RedirectMiddleware',
 'scrapy.downloadermiddlewares.cookies.CookiesMiddleware',
 'scrapy.downloadermiddlewares.httpproxy.HttpProxyMiddleware',
 'scrapy.downloadermiddlewares.stats.DownloaderStats']
2021-09-03 09:37:42 [scrapy.middleware] INFO: Enabled spider middlewares:
['scrapy.spidermiddlewares.httperror.HttpErrorMiddleware',
 'scrapy.spidermiddlewares.offsite.OffsiteMiddleware',
 'scrapy.spidermiddlewares.referer.RefererMiddleware',
 'scrapy.spidermiddlewares.urllength.UrlLengthMiddleware',
 'scrapy.spidermiddlewares.depth.DepthMiddleware']
2021-09-03 09:37:42 [scrapy.middleware] INFO: Enabled item pipelines:
['scrapy_app.pipelines.ScrapyAppPipeline']
2021-09-03 09:37:42 [scrapy.core.engine] INFO: Spider opened
2021-09-03 09:37:42 [scrapy.extensions.logstats] INFO: Crawled 0 pages (at 0 pages/min), scraped 0 items (at 0 items/min)
2021-09-03 09:37:42 [scrapy.extensions.telnet] INFO: Telnet console listening on 127.0.0.1:6023
2021-09-03 09:37:42 [scrapy.core.engine] DEBUG: Crawled (200) <GET https://www.skroutz.gr/robots.txt> (referer: None)
2021-09-03 09:37:43 [scrapy.core.engine] DEBUG: Crawled (200) <GET https://www.skroutz.gr/s/24403771/Ralph-Lauren-PH2224-5017.html> (referer: None)
2021-09-03 09:37:43 [scrapy.core.engine] DEBUG: Crawled (200) <GET https://www.skroutz.gr/s/20314550/Arnette-El-Carmen-AN4263-265887-Matte-Black.html> (referer: None)
2021-09-03 09:37:43 [scrapy.core.engine] DEBUG: Crawled (200) <GET https://www.skroutz.gr/s/16035327/Bausch-Lomb-EasySept-360ml-120ml.html> (referer: None)
2021-09-03 09:37:43 [scrapy.core.engine] DEBUG: Crawled (200) <GET https://www.skroutz.gr/s/6585825/Arnette-AN4007-01.html?from=catspan> (referer: None)
2021-09-03 09:37:43 [scrapy.core.engine] DEBUG: Crawled (200) <GET https://www.skroutz.gr/s/12109270/Bausch-Lomb-ReNu-Multiplus-360ml-60ml.html> (referer: None)
2021-09-03 09:37:43 [scrapy.core.scraper] ERROR: Spider error processing <GET https://www.skroutz.gr/s/24403771/Ralph-Lauren-PH2224-5017.html> (referer: None)
Traceback (most recent call last):
  File "c:\users\a3ter\onedrive\desktop\skroutz_app_4\venv\lib\site-packages\scrapy\utils\defer.py", line 120, in iter_errback
    yield next(it)
  File "c:\users\a3ter\onedrive\desktop\skroutz_app_4\venv\lib\site-packages\scrapy\utils\python.py", line 353, in __next__
    return next(self.data)
  File "c:\users\a3ter\onedrive\desktop\skroutz_app_4\venv\lib\site-packages\scrapy\utils\python.py", line 353, in __next__
    return next(self.data)
  File "c:\users\a3ter\onedrive\desktop\skroutz_app_4\venv\lib\site-packages\scrapy\core\spidermw.py", line 56, in _evaluate_iterable
    for r in iterable:
  File "c:\users\a3ter\onedrive\desktop\skroutz_app_4\venv\lib\site-packages\scrapy\spidermiddlewares\offsite.py", line 29, in process_spider_output
    for x in result:
  File "c:\users\a3ter\onedrive\desktop\skroutz_app_4\venv\lib\site-packages\scrapy\core\spidermw.py", line 56, in _evaluate_iterable
    for r in iterable:
  File "c:\users\a3ter\onedrive\desktop\skroutz_app_4\venv\lib\site-packages\scrapy\spidermiddlewares\referer.py", line 342, in <genexpr>
    return (_set_referer(r) for r in result or ())
  File "c:\users\a3ter\onedrive\desktop\skroutz_app_4\venv\lib\site-packages\scrapy\core\spidermw.py", line 56, in _evaluate_iterable
    for r in iterable:
  File "c:\users\a3ter\onedrive\desktop\skroutz_app_4\venv\lib\site-packages\scrapy\spidermiddlewares\urllength.py", line 40, in <genexpr>
    return (r for r in result or () if _filter(r))
  File "c:\users\a3ter\onedrive\desktop\skroutz_app_4\venv\lib\site-packages\scrapy\core\spidermw.py", line 56, in _evaluate_iterable
    for r in iterable:
  File "c:\users\a3ter\onedrive\desktop\skroutz_app_4\venv\lib\site-packages\scrapy\spidermiddlewares\depth.py", line 58, in <genexpr>
    return (r for r in result or () if _filter(r))
  File "c:\users\a3ter\onedrive\desktop\skroutz_app_4\venv\lib\site-packages\scrapy\core\spidermw.py", line 56, in _evaluate_iterable
    for r in iterable:
  File "c:\users\a3ter\appdata\local\temp\scrapy_app-1630648815-lvhy9fky.egg\scrapy_app\spiders\icrawler.py", line 45, in parse
    print("product: ", product, ",my_price: ",my_price, ",my_productName :"
  File "C:\Python39\lib\encodings\cp1252.py", line 19, in encode
    return codecs.charmap_encode(input,self.errors,encoding_table)[0]
UnicodeEncodeError: 'charmap' codec can't encode characters in position 0-5: character maps to <undefined>
2021-09-03 09:37:43 [scrapy.core.scraper] ERROR: Spider error processing <GET https://www.skroutz.gr/s/20314550/Arnette-El-Carmen-AN4263-265887-Matte-Black.html> (referer: None)
Traceback (most recent call last):
  File "c:\users\a3ter\onedrive\desktop\skroutz_app_4\venv\lib\site-packages\scrapy\utils\defer.py", line 120, in iter_errback
    yield next(it)
  File "c:\users\a3ter\onedrive\desktop\skroutz_app_4\venv\lib\site-packages\scrapy\utils\python.py", line 353, in __next__
    return next(self.data)
  File "c:\users\a3ter\onedrive\desktop\skroutz_app_4\venv\lib\site-packages\scrapy\utils\python.py", line 353, in __next__
    return next(self.data)
  File "c:\users\a3ter\onedrive\desktop\skroutz_app_4\venv\lib\site-packages\scrapy\core\spidermw.py", line 56, in _evaluate_iterable
    for r in iterable:
  File "c:\users\a3ter\onedrive\desktop\skroutz_app_4\venv\lib\site-packages\scrapy\spidermiddlewares\offsite.py", line 29, in process_spider_output
    for x in result:
  File "c:\users\a3ter\onedrive\desktop\skroutz_app_4\venv\lib\site-packages\scrapy\core\spidermw.py", line 56, in _evaluate_iterable
    for r in iterable:
  File "c:\users\a3ter\onedrive\desktop\skroutz_app_4\venv\lib\site-packages\scrapy\spidermiddlewares\referer.py", line 342, in <genexpr>
    return (_set_referer(r) for r in result or ())
  File "c:\users\a3ter\onedrive\desktop\skroutz_app_4\venv\lib\site-packages\scrapy\core\spidermw.py", line 56, in _evaluate_iterable
    for r in iterable:
  File "c:\users\a3ter\onedrive\desktop\skroutz_app_4\venv\lib\site-packages\scrapy\spidermiddlewares\urllength.py", line 40, in <genexpr>
    return (r for r in result or () if _filter(r))
  File "c:\users\a3ter\onedrive\desktop\skroutz_app_4\venv\lib\site-packages\scrapy\core\spidermw.py", line 56, in _evaluate_iterable
    for r in iterable:
  File "c:\users\a3ter\onedrive\desktop\skroutz_app_4\venv\lib\site-packages\scrapy\spidermiddlewares\depth.py", line 58, in <genexpr>
    return (r for r in result or () if _filter(r))
  File "c:\users\a3ter\onedrive\desktop\skroutz_app_4\venv\lib\site-packages\scrapy\core\spidermw.py", line 56, in _evaluate_iterable
    for r in iterable:
  File "c:\users\a3ter\appdata\local\temp\scrapy_app-1630648815-lvhy9fky.egg\scrapy_app\spiders\icrawler.py", line 45, in parse
    print("product: ", product, ",my_price: ",my_price, ",my_productName :"
  File "C:\Python39\lib\encodings\cp1252.py", line 19, in encode
    return codecs.charmap_encode(input,self.errors,encoding_table)[0]
UnicodeEncodeError: 'charmap' codec can't encode characters in position 93-102: character maps to <undefined>
2021-09-03 09:37:43 [scrapy.core.scraper] DEBUG: Scraped from <200 https://www.skroutz.gr/s/16035327/Bausch-Lomb-EasySept-360ml-120ml.html>
{'product': 'Bausch & Lomb EasySept 360ml + 120ml', 'my_price': '', 'my_productName': 'Not_Available', 'my_availability': 'N/A', 'company': 'N/A', 'price': 'N/A', 'bestPriceAvailability': 'N/A', 'date': datetime.datetime(2021, 9, 3, 9, 37, 43, 346020)}
2021-09-03 09:37:43 [scrapy.core.scraper] ERROR: Spider error processing <GET https://www.skroutz.gr/s/6585825/Arnette-AN4007-01.html?from=catspan> (referer: None)
Traceback (most recent call last):
  File "c:\users\a3ter\onedrive\desktop\skroutz_app_4\venv\lib\site-packages\scrapy\utils\defer.py", line 120, in iter_errback
    yield next(it)
  File "c:\users\a3ter\onedrive\desktop\skroutz_app_4\venv\lib\site-packages\scrapy\utils\python.py", line 353, in __next__
    return next(self.data)
  File "c:\users\a3ter\onedrive\desktop\skroutz_app_4\venv\lib\site-packages\scrapy\utils\python.py", line 353, in __next__
    return next(self.data)
  File "c:\users\a3ter\onedrive\desktop\skroutz_app_4\venv\lib\site-packages\scrapy\core\spidermw.py", line 56, in _evaluate_iterable
    for r in iterable:
  File "c:\users\a3ter\onedrive\desktop\skroutz_app_4\venv\lib\site-packages\scrapy\spidermiddlewares\offsite.py", line 29, in process_spider_output
    for x in result:
  File "c:\users\a3ter\onedrive\desktop\skroutz_app_4\venv\lib\site-packages\scrapy\core\spidermw.py", line 56, in _evaluate_iterable
    for r in iterable:
  File "c:\users\a3ter\onedrive\desktop\skroutz_app_4\venv\lib\site-packages\scrapy\spidermiddlewares\referer.py", line 342, in <genexpr>
    return (_set_referer(r) for r in result or ())
  File "c:\users\a3ter\onedrive\desktop\skroutz_app_4\venv\lib\site-packages\scrapy\core\spidermw.py", line 56, in _evaluate_iterable
    for r in iterable:
  File "c:\users\a3ter\onedrive\desktop\skroutz_app_4\venv\lib\site-packages\scrapy\spidermiddlewares\urllength.py", line 40, in <genexpr>
    return (r for r in result or () if _filter(r))
  File "c:\users\a3ter\onedrive\desktop\skroutz_app_4\venv\lib\site-packages\scrapy\core\spidermw.py", line 56, in _evaluate_iterable
    for r in iterable:
  File "c:\users\a3ter\onedrive\desktop\skroutz_app_4\venv\lib\site-packages\scrapy\spidermiddlewares\depth.py", line 58, in <genexpr>
    return (r for r in result or () if _filter(r))
  File "c:\users\a3ter\onedrive\desktop\skroutz_app_4\venv\lib\site-packages\scrapy\core\spidermw.py", line 56, in _evaluate_iterable
    for r in iterable:
  File "c:\users\a3ter\appdata\local\temp\scrapy_app-1630648815-lvhy9fky.egg\scrapy_app\spiders\icrawler.py", line 45, in parse
    print("product: ", product, ",my_price: ",my_price, ",my_productName :"
  File "C:\Python39\lib\encodings\cp1252.py", line 19, in encode
    return codecs.charmap_encode(input,self.errors,encoding_table)[0]
UnicodeEncodeError: 'charmap' codec can't encode characters in position 0-5: character maps to <undefined>
2021-09-03 09:37:43 [scrapy.core.scraper] DEBUG: Scraped from <200 https://www.skroutz.gr/s/12109270/Bausch-Lomb-ReNu-Multiplus-360ml-60ml.html>
{'product': 'Bausch & Lomb ReNu Multiplus 360ml + 60ml', 'my_price': '', 'my_productName': 'Not_Available', 'my_availability': 'N/A', 'company': 'N/A', 'price': 'N/A', 'bestPriceAvailability': 'N/A', 'date': datetime.datetime(2021, 9, 3, 9, 37, 43, 379845)}
2021-09-03 09:37:43 [scrapy.core.engine] DEBUG: Crawled (200) <GET https://www.skroutz.gr/s/8414500/Alcon-Opti-Free-PureMoist-300ml-60ml.html> (referer: None)
2021-09-03 09:37:43 [scrapy.core.engine] DEBUG: Crawled (200) <GET https://www.skroutz.gr/s/16035327/Bausch-Lomb-EasySept-360ml-120ml.html> (referer: None)
2021-09-03 09:37:43 [scrapy.core.engine] DEBUG: Crawled (200) <GET https://www.skroutz.gr/s/26087654/Soleko-Biosee-Clear-All-In-One-Solution-380ml.html> (referer: None)
2021-09-03 09:37:43 [scrapy.core.engine] DEBUG: Crawled (200) <GET https://www.skroutz.gr/s/6935506/Avizor-Ever-Clean-Pure-225ml.html> (referer: None)
2021-09-03 09:37:43 [scrapy.core.scraper] ERROR: Spider error processing <GET https://www.skroutz.gr/s/8414500/Alcon-Opti-Free-PureMoist-300ml-60ml.html> (referer: None)
Traceback (most recent call last):
  File "c:\users\a3ter\onedrive\desktop\skroutz_app_4\venv\lib\site-packages\scrapy\utils\defer.py", line 120, in iter_errback
    yield next(it)
  File "c:\users\a3ter\onedrive\desktop\skroutz_app_4\venv\lib\site-packages\scrapy\utils\python.py", line 353, in __next__
    return next(self.data)
  File "c:\users\a3ter\onedrive\desktop\skroutz_app_4\venv\lib\site-packages\scrapy\utils\python.py", line 353, in __next__
    return next(self.data)
  File "c:\users\a3ter\onedrive\desktop\skroutz_app_4\venv\lib\site-packages\scrapy\core\spidermw.py", line 56, in _evaluate_iterable
    for r in iterable:
  File "c:\users\a3ter\onedrive\desktop\skroutz_app_4\venv\lib\site-packages\scrapy\spidermiddlewares\offsite.py", line 29, in process_spider_output
    for x in result:
  File "c:\users\a3ter\onedrive\desktop\skroutz_app_4\venv\lib\site-packages\scrapy\core\spidermw.py", line 56, in _evaluate_iterable
    for r in iterable:
  File "c:\users\a3ter\onedrive\desktop\skroutz_app_4\venv\lib\site-packages\scrapy\spidermiddlewares\referer.py", line 342, in <genexpr>
    return (_set_referer(r) for r in result or ())
  File "c:\users\a3ter\onedrive\desktop\skroutz_app_4\venv\lib\site-packages\scrapy\core\spidermw.py", line 56, in _evaluate_iterable
    for r in iterable:
  File "c:\users\a3ter\onedrive\desktop\skroutz_app_4\venv\lib\site-packages\scrapy\spidermiddlewares\urllength.py", line 40, in <genexpr>
    return (r for r in result or () if _filter(r))
  File "c:\users\a3ter\onedrive\desktop\skroutz_app_4\venv\lib\site-packages\scrapy\core\spidermw.py", line 56, in _evaluate_iterable
    for r in iterable:
  File "c:\users\a3ter\onedrive\desktop\skroutz_app_4\venv\lib\site-packages\scrapy\spidermiddlewares\depth.py", line 58, in <genexpr>
    return (r for r in result or () if _filter(r))
  File "c:\users\a3ter\onedrive\desktop\skroutz_app_4\venv\lib\site-packages\scrapy\core\spidermw.py", line 56, in _evaluate_iterable
    for r in iterable:
  File "c:\users\a3ter\appdata\local\temp\scrapy_app-1630648815-lvhy9fky.egg\scrapy_app\spiders\icrawler.py", line 45, in parse
    print("product: ", product, ",my_price: ",my_price, ",my_productName :"
  File "C:\Python39\lib\encodings\cp1252.py", line 19, in encode
    return codecs.charmap_encode(input,self.errors,encoding_table)[0]
UnicodeEncodeError: 'charmap' codec can't encode characters in position 31-34: character maps to <undefined>
2021-09-03 09:37:43 [scrapy.core.scraper] DEBUG: Scraped from <200 https://www.skroutz.gr/s/16035327/Bausch-Lomb-EasySept-360ml-120ml.html>
{'product': 'Bausch & Lomb EasySept 360ml + 120ml', 'my_price': '', 'my_productName': 'Not_Available', 'my_availability': 'N/A', 'company': 'N/A', 'price': 'N/A', 'bestPriceAvailability': 'N/A', 'date': datetime.datetime(2021, 9, 3, 9, 37, 43, 520846)}
2021-09-03 09:37:43 [scrapy.core.engine] DEBUG: Crawled (200) <GET https://www.skroutz.gr/s/11878545/Bausch-Lomb-Biotrue-360ml-extra-Bottle-60ml.html> (referer: None)
2021-09-03 09:37:43 [scrapy.core.scraper] ERROR: Spider error processing <GET https://www.skroutz.gr/s/26087654/Soleko-Biosee-Clear-All-In-One-Solution-380ml.html> (referer: None)
Traceback (most recent call last):
  File "c:\users\a3ter\onedrive\desktop\skroutz_app_4\venv\lib\site-packages\scrapy\utils\defer.py", line 120, in iter_errback
    yield next(it)
  File "c:\users\a3ter\onedrive\desktop\skroutz_app_4\venv\lib\site-packages\scrapy\utils\python.py", line 353, in __next__
    return next(self.data)
  File "c:\users\a3ter\onedrive\desktop\skroutz_app_4\venv\lib\site-packages\scrapy\utils\python.py", line 353, in __next__
    return next(self.data)
  File "c:\users\a3ter\onedrive\desktop\skroutz_app_4\venv\lib\site-packages\scrapy\core\spidermw.py", line 56, in _evaluate_iterable
    for r in iterable:
  File "c:\users\a3ter\onedrive\desktop\skroutz_app_4\venv\lib\site-packages\scrapy\spidermiddlewares\offsite.py", line 29, in process_spider_output
    for x in result:
  File "c:\users\a3ter\onedrive\desktop\skroutz_app_4\venv\lib\site-packages\scrapy\core\spidermw.py", line 56, in _evaluate_iterable
    for r in iterable:
  File "c:\users\a3ter\onedrive\desktop\skroutz_app_4\venv\lib\site-packages\scrapy\spidermiddlewares\referer.py", line 342, in <genexpr>
    return (_set_referer(r) for r in result or ())
  File "c:\users\a3ter\onedrive\desktop\skroutz_app_4\venv\lib\site-packages\scrapy\core\spidermw.py", line 56, in _evaluate_iterable
    for r in iterable:
  File "c:\users\a3ter\onedrive\desktop\skroutz_app_4\venv\lib\site-packages\scrapy\spidermiddlewares\urllength.py", line 40, in <genexpr>
    return (r for r in result or () if _filter(r))
  File "c:\users\a3ter\onedrive\desktop\skroutz_app_4\venv\lib\site-packages\scrapy\core\spidermw.py", line 56, in _evaluate_iterable
    for r in iterable:
  File "c:\users\a3ter\onedrive\desktop\skroutz_app_4\venv\lib\site-packages\scrapy\spidermiddlewares\depth.py", line 58, in <genexpr>
    return (r for r in result or () if _filter(r))
  File "c:\users\a3ter\onedrive\desktop\skroutz_app_4\venv\lib\site-packages\scrapy\core\spidermw.py", line 56, in _evaluate_iterable
    for r in iterable:
  File "c:\users\a3ter\appdata\local\temp\scrapy_app-1630648815-lvhy9fky.egg\scrapy_app\spiders\icrawler.py", line 45, in parse
    print("product: ", product, ",my_price: ",my_price, ",my_productName :"
  File "C:\Python39\lib\encodings\cp1252.py", line 19, in encode
    return codecs.charmap_encode(input,self.errors,encoding_table)[0]
UnicodeEncodeError: 'charmap' codec can't encode characters in position 0-8: character maps to <undefined>
2021-09-03 09:37:43 [scrapy.core.scraper] ERROR: Spider error processing <GET https://www.skroutz.gr/s/6935506/Avizor-Ever-Clean-Pure-225ml.html> (referer: None)
Traceback (most recent call last):
  File "c:\users\a3ter\onedrive\desktop\skroutz_app_4\venv\lib\site-packages\scrapy\utils\defer.py", line 120, in iter_errback
    yield next(it)
  File "c:\users\a3ter\onedrive\desktop\skroutz_app_4\venv\lib\site-packages\scrapy\utils\python.py", line 353, in __next__
    return next(self.data)
  File "c:\users\a3ter\onedrive\desktop\skroutz_app_4\venv\lib\site-packages\scrapy\utils\python.py", line 353, in __next__
    return next(self.data)
  File "c:\users\a3ter\onedrive\desktop\skroutz_app_4\venv\lib\site-packages\scrapy\core\spidermw.py", line 56, in _evaluate_iterable
    for r in iterable:
  File "c:\users\a3ter\onedrive\desktop\skroutz_app_4\venv\lib\site-packages\scrapy\spidermiddlewares\offsite.py", line 29, in process_spider_output
    for x in result:
  File "c:\users\a3ter\onedrive\desktop\skroutz_app_4\venv\lib\site-packages\scrapy\core\spidermw.py", line 56, in _evaluate_iterable
    for r in iterable:
  File "c:\users\a3ter\onedrive\desktop\skroutz_app_4\venv\lib\site-packages\scrapy\spidermiddlewares\referer.py", line 342, in <genexpr>
    return (_set_referer(r) for r in result or ())
  File "c:\users\a3ter\onedrive\desktop\skroutz_app_4\venv\lib\site-packages\scrapy\core\spidermw.py", line 56, in _evaluate_iterable
    for r in iterable:
  File "c:\users\a3ter\onedrive\desktop\skroutz_app_4\venv\lib\site-packages\scrapy\spidermiddlewares\urllength.py", line 40, in <genexpr>
    return (r for r in result or () if _filter(r))
  File "c:\users\a3ter\onedrive\desktop\skroutz_app_4\venv\lib\site-packages\scrapy\core\spidermw.py", line 56, in _evaluate_iterable
    for r in iterable:
  File "c:\users\a3ter\onedrive\desktop\skroutz_app_4\venv\lib\site-packages\scrapy\spidermiddlewares\depth.py", line 58, in <genexpr>
    return (r for r in result or () if _filter(r))
  File "c:\users\a3ter\onedrive\desktop\skroutz_app_4\venv\lib\site-packages\scrapy\core\spidermw.py", line 56, in _evaluate_iterable
    for r in iterable:
  File "c:\users\a3ter\appdata\local\temp\scrapy_app-1630648815-lvhy9fky.egg\scrapy_app\spiders\icrawler.py", line 45, in parse
    print("product: ", product, ",my_price: ",my_price, ",my_productName :"
  File "C:\Python39\lib\encodings\cp1252.py", line 19, in encode
    return codecs.charmap_encode(input,self.errors,encoding_table)[0]
UnicodeEncodeError: 'charmap' codec can't encode characters in position 22-25: character maps to <undefined>
2021-09-03 09:37:43 [scrapy.core.engine] DEBUG: Crawled (200) <GET https://www.skroutz.gr/s/13878315/Vogue-VO-5212S-W44-87.html> (referer: None)
2021-09-03 09:37:43 [scrapy.core.engine] DEBUG: Crawled (200) <GET https://www.skroutz.gr/s/15079953/Amvis-AquaSoft-380ml-Extra-Bottle-60ml.html> (referer: None)
2021-09-03 09:37:43 [scrapy.core.scraper] DEBUG: Scraped from <200 https://www.skroutz.gr/s/11878545/Bausch-Lomb-Biotrue-360ml-extra-Bottle-60ml.html>
{'product': 'Bausch & Lomb Biotrue 360ml + extra Bottle 60ml', 'my_price': '', 'my_productName': 'Not_Available', 'my_availability': 'N/A', 'company': 'N/A', 'price': 'N/A', 'bestPriceAvailability': 'N/A', 'date': datetime.datetime(2021, 9, 3, 9, 37, 43, 646327)}
2021-09-03 09:37:43 [scrapy.core.scraper] ERROR: Spider error processing <GET https://www.skroutz.gr/s/13878315/Vogue-VO-5212S-W44-87.html> (referer: None)
Traceback (most recent call last):
  File "c:\users\a3ter\onedrive\desktop\skroutz_app_4\venv\lib\site-packages\scrapy\utils\defer.py", line 120, in iter_errback
    yield next(it)
  File "c:\users\a3ter\onedrive\desktop\skroutz_app_4\venv\lib\site-packages\scrapy\utils\python.py", line 353, in __next__
    return next(self.data)
  File "c:\users\a3ter\onedrive\desktop\skroutz_app_4\venv\lib\site-packages\scrapy\utils\python.py", line 353, in __next__
    return next(self.data)
  File "c:\users\a3ter\onedrive\desktop\skroutz_app_4\venv\lib\site-packages\scrapy\core\spidermw.py", line 56, in _evaluate_iterable
    for r in iterable:
  File "c:\users\a3ter\onedrive\desktop\skroutz_app_4\venv\lib\site-packages\scrapy\spidermiddlewares\offsite.py", line 29, in process_spider_output
    for x in result:
  File "c:\users\a3ter\onedrive\desktop\skroutz_app_4\venv\lib\site-packages\scrapy\core\spidermw.py", line 56, in _evaluate_iterable
    for r in iterable:
  File "c:\users\a3ter\onedrive\desktop\skroutz_app_4\venv\lib\site-packages\scrapy\spidermiddlewares\referer.py", line 342, in <genexpr>
    return (_set_referer(r) for r in result or ())
  File "c:\users\a3ter\onedrive\desktop\skroutz_app_4\venv\lib\site-packages\scrapy\core\spidermw.py", line 56, in _evaluate_iterable
    for r in iterable:
  File "c:\users\a3ter\onedrive\desktop\skroutz_app_4\venv\lib\site-packages\scrapy\spidermiddlewares\urllength.py", line 40, in <genexpr>
    return (r for r in result or () if _filter(r))
  File "c:\users\a3ter\onedrive\desktop\skroutz_app_4\venv\lib\site-packages\scrapy\core\spidermw.py", line 56, in _evaluate_iterable
    for r in iterable:
  File "c:\users\a3ter\onedrive\desktop\skroutz_app_4\venv\lib\site-packages\scrapy\spidermiddlewares\depth.py", line 58, in <genexpr>
    return (r for r in result or () if _filter(r))
  File "c:\users\a3ter\onedrive\desktop\skroutz_app_4\venv\lib\site-packages\scrapy\core\spidermw.py", line 56, in _evaluate_iterable
    for r in iterable:
  File "c:\users\a3ter\appdata\local\temp\scrapy_app-1630648815-lvhy9fky.egg\scrapy_app\spiders\icrawler.py", line 45, in parse
    print("product: ", product, ",my_price: ",my_price, ",my_productName :"
  File "C:\Python39\lib\encodings\cp1252.py", line 19, in encode
    return codecs.charmap_encode(input,self.errors,encoding_table)[0]
UnicodeEncodeError: 'charmap' codec can't encode characters in position 0-5: character maps to <undefined>
2021-09-03 09:37:43 [scrapy.core.scraper] ERROR: Spider error processing <GET https://www.skroutz.gr/s/15079953/Amvis-AquaSoft-380ml-Extra-Bottle-60ml.html> (referer: None)
Traceback (most recent call last):
  File "c:\users\a3ter\onedrive\desktop\skroutz_app_4\venv\lib\site-packages\scrapy\utils\defer.py", line 120, in iter_errback
    yield next(it)
  File "c:\users\a3ter\onedrive\desktop\skroutz_app_4\venv\lib\site-packages\scrapy\utils\python.py", line 353, in __next__
    return next(self.data)
  File "c:\users\a3ter\onedrive\desktop\skroutz_app_4\venv\lib\site-packages\scrapy\utils\python.py", line 353, in __next__
    return next(self.data)
  File "c:\users\a3ter\onedrive\desktop\skroutz_app_4\venv\lib\site-packages\scrapy\core\spidermw.py", line 56, in _evaluate_iterable
    for r in iterable:
  File "c:\users\a3ter\onedrive\desktop\skroutz_app_4\venv\lib\site-packages\scrapy\spidermiddlewares\offsite.py", line 29, in process_spider_output
    for x in result:
  File "c:\users\a3ter\onedrive\desktop\skroutz_app_4\venv\lib\site-packages\scrapy\core\spidermw.py", line 56, in _evaluate_iterable
    for r in iterable:
  File "c:\users\a3ter\onedrive\desktop\skroutz_app_4\venv\lib\site-packages\scrapy\spidermiddlewares\referer.py", line 342, in <genexpr>
    return (_set_referer(r) for r in result or ())
  File "c:\users\a3ter\onedrive\desktop\skroutz_app_4\venv\lib\site-packages\scrapy\core\spidermw.py", line 56, in _evaluate_iterable
    for r in iterable:
  File "c:\users\a3ter\onedrive\desktop\skroutz_app_4\venv\lib\site-packages\scrapy\spidermiddlewares\urllength.py", line 40, in <genexpr>
    return (r for r in result or () if _filter(r))
  File "c:\users\a3ter\onedrive\desktop\skroutz_app_4\venv\lib\site-packages\scrapy\core\spidermw.py", line 56, in _evaluate_iterable
    for r in iterable:
  File "c:\users\a3ter\onedrive\desktop\skroutz_app_4\venv\lib\site-packages\scrapy\spidermiddlewares\depth.py", line 58, in <genexpr>
    return (r for r in result or () if _filter(r))
  File "c:\users\a3ter\onedrive\desktop\skroutz_app_4\venv\lib\site-packages\scrapy\core\spidermw.py", line 56, in _evaluate_iterable
    for r in iterable:
  File "c:\users\a3ter\appdata\local\temp\scrapy_app-1630648815-lvhy9fky.egg\scrapy_app\spiders\icrawler.py", line 45, in parse
    print("product: ", product, ",my_price: ",my_price, ",my_productName :"
  File "C:\Python39\lib\encodings\cp1252.py", line 19, in encode
    return codecs.charmap_encode(input,self.errors,encoding_table)[0]
UnicodeEncodeError: 'charmap' codec can't encode characters in position 19-22: character maps to <undefined>
2021-09-03 09:37:44 [scrapy.core.engine] DEBUG: Crawled (200) <GET https://www.skroutz.gr/s/6869602/Alcon-Opti-Free-Express-355ml.html> (referer: None)
2021-09-03 09:37:44 [scrapy.core.scraper] ERROR: Spider error processing <GET https://www.skroutz.gr/s/6869602/Alcon-Opti-Free-Express-355ml.html> (referer: None)
Traceback (most recent call last):
  File "c:\users\a3ter\onedrive\desktop\skroutz_app_4\venv\lib\site-packages\scrapy\utils\defer.py", line 120, in iter_errback
    yield next(it)
  File "c:\users\a3ter\onedrive\desktop\skroutz_app_4\venv\lib\site-packages\scrapy\utils\python.py", line 353, in __next__
    return next(self.data)
  File "c:\users\a3ter\onedrive\desktop\skroutz_app_4\venv\lib\site-packages\scrapy\utils\python.py", line 353, in __next__
    return next(self.data)
  File "c:\users\a3ter\onedrive\desktop\skroutz_app_4\venv\lib\site-packages\scrapy\core\spidermw.py", line 56, in _evaluate_iterable
    for r in iterable:
  File "c:\users\a3ter\onedrive\desktop\skroutz_app_4\venv\lib\site-packages\scrapy\spidermiddlewares\offsite.py", line 29, in process_spider_output
    for x in result:
  File "c:\users\a3ter\onedrive\desktop\skroutz_app_4\venv\lib\site-packages\scrapy\core\spidermw.py", line 56, in _evaluate_iterable
    for r in iterable:
  File "c:\users\a3ter\onedrive\desktop\skroutz_app_4\venv\lib\site-packages\scrapy\spidermiddlewares\referer.py", line 342, in <genexpr>
    return (_set_referer(r) for r in result or ())
  File "c:\users\a3ter\onedrive\desktop\skroutz_app_4\venv\lib\site-packages\scrapy\core\spidermw.py", line 56, in _evaluate_iterable
    for r in iterable:
  File "c:\users\a3ter\onedrive\desktop\skroutz_app_4\venv\lib\site-packages\scrapy\spidermiddlewares\urllength.py", line 40, in <genexpr>
    return (r for r in result or () if _filter(r))
  File "c:\users\a3ter\onedrive\desktop\skroutz_app_4\venv\lib\site-packages\scrapy\core\spidermw.py", line 56, in _evaluate_iterable
    for r in iterable:
  File "c:\users\a3ter\onedrive\desktop\skroutz_app_4\venv\lib\site-packages\scrapy\spidermiddlewares\depth.py", line 58, in <genexpr>
    return (r for r in result or () if _filter(r))
  File "c:\users\a3ter\onedrive\desktop\skroutz_app_4\venv\lib\site-packages\scrapy\core\spidermw.py", line 56, in _evaluate_iterable
    for r in iterable:
  File "c:\users\a3ter\appdata\local\temp\scrapy_app-1630648815-lvhy9fky.egg\scrapy_app\spiders\icrawler.py", line 45, in parse
    print("product: ", product, ",my_price: ",my_price, ",my_productName :"
  File "C:\Python39\lib\encodings\cp1252.py", line 19, in encode
    return codecs.charmap_encode(input,self.errors,encoding_table)[0]
UnicodeEncodeError: 'charmap' codec can't encode characters in position 25-28: character maps to <undefined>
2021-09-03 09:37:44 [scrapy.core.engine] INFO: Closing spider (finished)
2021-09-03 09:37:44 [scrapy.statscollectors] INFO: Dumping Scrapy stats:
{'downloader/request_bytes': 3648,
 'downloader/request_count': 14,
 'downloader/request_method_count/GET': 14,
 'downloader/response_bytes': 346855,
 'downloader/response_count': 14,
 'downloader/response_status_count/200': 14,
 'elapsed_time_seconds': 1.440015,
 'finish_reason': 'finished',
 'finish_time': datetime.datetime(2021, 9, 3, 6, 37, 44, 290610),
 'httpcompression/response_bytes': 1551853,
 'httpcompression/response_count': 14,
 'item_scraped_count': 4,
 'log_count/DEBUG': 18,
 'log_count/ERROR': 9,
 'log_count/INFO': 10,
 'response_received_count': 14,
 'robotstxt/request_count': 1,
 'robotstxt/response_count': 1,
 'robotstxt/response_status_count/200': 1,
 'scheduler/dequeued': 13,
 'scheduler/dequeued/memory': 13,
 'scheduler/enqueued': 13,
 'scheduler/enqueued/memory': 13,
 'spider_exceptions/UnicodeEncodeError': 9,
 'start_time': datetime.datetime(2021, 9, 3, 6, 37, 42, 850595)}
2021-09-03 09:37:44 [scrapy.core.engine] INFO: Spider closed (finished)
